[debug] [2021-03-12T06:08:01.517Z] ----------------------------------------------------------------------
[debug] [2021-03-12T06:08:01.520Z] Command:       C:\Program Files\nodejs\node.exe C:\Users\User\AppData\Roaming\npm\node_modules\firebase-tools\lib\bin\firebase.js emulators:start
[debug] [2021-03-12T06:08:01.520Z] CLI Version:   9.5.0
[debug] [2021-03-12T06:08:01.520Z] Platform:      win32
[debug] [2021-03-12T06:08:01.521Z] Node Version:  v14.15.3
[debug] [2021-03-12T06:08:01.522Z] Time:          Fri Mar 12 2021 11:38:01 GMT+0530 (India Standard Time)
[debug] [2021-03-12T06:08:01.522Z] ----------------------------------------------------------------------
[debug] [2021-03-12T06:08:01.522Z] 
[debug] [2021-03-12T06:08:01.530Z] > command requires scopes: ["email","openid","https://www.googleapis.com/auth/cloudplatformprojects.readonly","https://www.googleapis.com/auth/firebase","https://www.googleapis.com/auth/cloud-platform"]
[debug] [2021-03-12T06:08:01.530Z] > authorizing via signed-in user
[info] i  emulators: Starting emulators: functions {"metadata":{"emulator":{"name":"hub"},"message":"Starting emulators: functions"}}
[warn] !  emulators: It seems that you are running multiple instances of the emulator suite for project solankijewellers-5472e. This may result in unexpected behavior. 
[debug] [2021-03-12T06:08:01.586Z] [hub] writing locator at C:\Users\User\AppData\Local\Temp\hub-solankijewellers-5472e.json
[warn] !  functions: The following emulators are not running, calls to these services from the Functions emulator will affect production: auth, firestore, database, hosting, pubsub {"metadata":{"emulator":{"name":"functions"},"message":"The following emulators are not running, calls to these services from the Functions emulator will affect production: \u001b[1mauth, firestore, database, hosting, pubsub\u001b[22m"}}
[warn] !  Your requested "node" version "12" doesn't match your global version "14" {"metadata":{"emulator":{"name":"functions"},"message":"Your requested \"node\" version \"12\" doesn't match your global version \"14\""}}
[debug] [2021-03-12T06:08:01.628Z] defaultcredentials: writing to file C:\Users\User\AppData\Roaming\firebase\vishalsolnki786_gmail_com_application_default_credentials.json
[debug] [2021-03-12T06:08:01.631Z] Setting GAC to C:\Users\User\AppData\Roaming\firebase\vishalsolnki786_gmail_com_application_default_credentials.json {"metadata":{"emulator":{"name":"functions"},"message":"Setting GAC to C:\\Users\\User\\AppData\\Roaming\\firebase\\vishalsolnki786_gmail_com_application_default_credentials.json"}}
[debug] [2021-03-12T06:08:01.635Z] >>> [apiv2][query] GET https://firebase.googleapis.com/v1beta1/projects/solankijewellers-5472e/adminSdkConfig [none]
[debug] [2021-03-12T06:08:02.297Z] <<< [apiv2][status] GET https://firebase.googleapis.com/v1beta1/projects/solankijewellers-5472e/adminSdkConfig 200
[debug] [2021-03-12T06:08:02.297Z] <<< [apiv2][body] GET https://firebase.googleapis.com/v1beta1/projects/solankijewellers-5472e/adminSdkConfig {"projectId":"solankijewellers-5472e","databaseURL":"https://solankijewellers-5472e-default-rtdb.firebaseio.com","storageBucket":"solankijewellers-5472e.appspot.com","locationId":"us-central"}
[warn] !  ui: Emulator UI unable to start on port 4000, starting on 4001 instead. {"metadata":{"emulator":{"name":"ui"},"message":"Emulator UI unable to start on port 4000, starting on 4001 instead."}}
[debug] [2021-03-12T06:08:02.348Z] Ignoring unsupported arg: auto_download {"metadata":{"emulator":{"name":"ui"},"message":"Ignoring unsupported arg: auto_download"}}
[debug] [2021-03-12T06:08:02.348Z] Ignoring unsupported arg: port {"metadata":{"emulator":{"name":"ui"},"message":"Ignoring unsupported arg: port"}}
[debug] [2021-03-12T06:08:02.348Z] Starting Emulator UI with command {"binary":"node","args":["C:\\Users\\User\\.cache\\firebase\\emulators\\ui-v1.4.2\\server.bundle.js"],"optionalArgs":[],"joinArgs":false} {"metadata":{"emulator":{"name":"ui"},"message":"Starting Emulator UI with command {\"binary\":\"node\",\"args\":[\"C:\\\\Users\\\\User\\\\.cache\\\\firebase\\\\emulators\\\\ui-v1.4.2\\\\server.bundle.js\"],\"optionalArgs\":[],\"joinArgs\":false}"}}
[info] i  ui: Emulator UI logging to ui-debug.log {"metadata":{"emulator":{"name":"ui"},"message":"Emulator UI logging to \u001b[1mui-debug.log\u001b[22m"}}
[debug] [2021-03-12T06:08:02.510Z] Web / API server started at http://localhost:4001
 {"metadata":{"emulator":{"name":"ui"},"message":"Web / API server started at http://localhost:4001\n"}}
[info] i  functions: Watching "C:\Users\User\Desktop\sy project\sy-project\functions" for Cloud Functions... {"metadata":{"emulator":{"name":"functions"},"message":"Watching \"C:\\Users\\User\\Desktop\\sy project\\sy-project\\functions\" for Cloud Functions..."}}
[debug] [2021-03-12T06:08:02.652Z] [worker-pool] addWorker(~diagnostic~) {"metadata":{"emulator":{"name":"functions"},"message":"[worker-pool] addWorker(~diagnostic~)"}}
[debug] [2021-03-12T06:08:02.653Z] [worker-pool] Adding worker with key ~diagnostic~, total=1 {"metadata":{"emulator":{"name":"functions"},"message":"[worker-pool] Adding worker with key ~diagnostic~, total=1"}}
[debug] [2021-03-12T06:08:02.654Z] [worker-pool] submitWork(triggerId=) {"metadata":{"emulator":{"name":"functions"},"message":"[worker-pool] submitWork(triggerId=)"}}
[debug] [2021-03-12T06:08:02.655Z] [worker-~diagnostic~-a2798422-de96-42bd-8c50-503025b10d3a]: Assigning socketPath: \\?\pipe\C:\Users\User\Desktop\sy project\sy-project\functions\29276 {"metadata":{"emulator":{"name":"functions"},"message":"[worker-~diagnostic~-a2798422-de96-42bd-8c50-503025b10d3a]: Assigning socketPath: \\\\?\\pipe\\C:\\Users\\User\\Desktop\\sy project\\sy-project\\functions\\29276"}}
[debug] [2021-03-12T06:08:02.657Z] [worker-~diagnostic~-a2798422-de96-42bd-8c50-503025b10d3a]: BUSY {"metadata":{"emulator":{"name":"functions"},"message":"[worker-~diagnostic~-a2798422-de96-42bd-8c50-503025b10d3a]: BUSY"}}
[debug] [2021-03-12T06:08:02.942Z] [runtime-status] [29276] Functions runtime initialized. {"cwd":"C:\\Users\\User\\Desktop\\sy project\\sy-project\\functions","node_version":"14.15.3"} {"metadata":{"emulator":{"name":"functions"},"message":"[runtime-status] [29276] Functions runtime initialized. {\"cwd\":\"C:\\\\Users\\\\User\\\\Desktop\\\\sy project\\\\sy-project\\\\functions\",\"node_version\":\"14.15.3\"}"}}
[debug] [2021-03-12T06:08:02.944Z] [runtime-status] [29276] Disabled runtime features: undefined {"metadata":{"emulator":{"name":"functions"},"message":"[runtime-status] [29276] Disabled runtime features: undefined"}}
[debug] [2021-03-12T06:08:02.948Z] [runtime-status] [29276] Resolved module firebase-admin {"declared":true,"installed":true,"version":"9.5.0","resolution":"C:\\Users\\User\\Desktop\\sy project\\sy-project\\functions\\node_modules\\firebase-admin\\lib\\index.js"} {"metadata":{"emulator":{"name":"functions"},"message":"[runtime-status] [29276] Resolved module firebase-admin {\"declared\":true,\"installed\":true,\"version\":\"9.5.0\",\"resolution\":\"C:\\\\Users\\\\User\\\\Desktop\\\\sy project\\\\sy-project\\\\functions\\\\node_modules\\\\firebase-admin\\\\lib\\\\index.js\"}"}}
[debug] [2021-03-12T06:08:02.951Z] [runtime-status] [29276] Resolved module firebase-functions {"declared":true,"installed":true,"version":"3.13.1","resolution":"C:\\Users\\User\\Desktop\\sy project\\sy-project\\functions\\node_modules\\firebase-functions\\lib\\index.js"} {"metadata":{"emulator":{"name":"functions"},"message":"[runtime-status] [29276] Resolved module firebase-functions {\"declared\":true,\"installed\":true,\"version\":\"3.13.1\",\"resolution\":\"C:\\\\Users\\\\User\\\\Desktop\\\\sy project\\\\sy-project\\\\functions\\\\node_modules\\\\firebase-functions\\\\lib\\\\index.js\"}"}}
[debug] [2021-03-12T06:08:02.954Z] [runtime-status] [29276] Resolved module firebase-functions {"declared":true,"installed":true,"version":"3.13.1","resolution":"C:\\Users\\User\\Desktop\\sy project\\sy-project\\functions\\node_modules\\firebase-functions\\lib\\index.js"} {"metadata":{"emulator":{"name":"functions"},"message":"[runtime-status] [29276] Resolved module firebase-functions {\"declared\":true,\"installed\":true,\"version\":\"3.13.1\",\"resolution\":\"C:\\\\Users\\\\User\\\\Desktop\\\\sy project\\\\sy-project\\\\functions\\\\node_modules\\\\firebase-functions\\\\lib\\\\index.js\"}"}}
[debug] [2021-03-12T06:08:02.956Z] [runtime-status] [29276] Outgoing network have been stubbed. [{"name":"http","status":"mocked"},{"name":"http","status":"mocked"},{"name":"https","status":"mocked"},{"name":"https","status":"mocked"},{"name":"net","status":"mocked"}] {"metadata":{"emulator":{"name":"functions"},"message":"[runtime-status] [29276] Outgoing network have been stubbed. [{\"name\":\"http\",\"status\":\"mocked\"},{\"name\":\"http\",\"status\":\"mocked\"},{\"name\":\"https\",\"status\":\"mocked\"},{\"name\":\"https\",\"status\":\"mocked\"},{\"name\":\"net\",\"status\":\"mocked\"}]"}}
[debug] [2021-03-12T06:08:02.957Z] [runtime-status] [29276] Resolved module firebase-functions {"declared":true,"installed":true,"version":"3.13.1","resolution":"C:\\Users\\User\\Desktop\\sy project\\sy-project\\functions\\node_modules\\firebase-functions\\lib\\index.js"} {"metadata":{"emulator":{"name":"functions"},"message":"[runtime-status] [29276] Resolved module firebase-functions {\"declared\":true,\"installed\":true,\"version\":\"3.13.1\",\"resolution\":\"C:\\\\Users\\\\User\\\\Desktop\\\\sy project\\\\sy-project\\\\functions\\\\node_modules\\\\firebase-functions\\\\lib\\\\index.js\"}"}}
[debug] [2021-03-12T06:08:03.021Z] [runtime-status] [29276] Checked functions.config() {"config":{}} {"metadata":{"emulator":{"name":"functions"},"message":"[runtime-status] [29276] Checked functions.config() {\"config\":{}}"}}
[debug] [2021-03-12T06:08:03.022Z] [runtime-status] [29276] firebase-functions has been stubbed. {"functionsResolution":{"declared":true,"installed":true,"version":"3.13.1","resolution":"C:\\Users\\User\\Desktop\\sy project\\sy-project\\functions\\node_modules\\firebase-functions\\lib\\index.js"}} {"metadata":{"emulator":{"name":"functions"},"message":"[runtime-status] [29276] firebase-functions has been stubbed. {\"functionsResolution\":{\"declared\":true,\"installed\":true,\"version\":\"3.13.1\",\"resolution\":\"C:\\\\Users\\\\User\\\\Desktop\\\\sy project\\\\sy-project\\\\functions\\\\node_modules\\\\firebase-functions\\\\lib\\\\index.js\"}}"}}
[debug] [2021-03-12T06:08:03.022Z] [runtime-status] [29276] Resolved module firebase-functions {"declared":true,"installed":true,"version":"3.13.1","resolution":"C:\\Users\\User\\Desktop\\sy project\\sy-project\\functions\\node_modules\\firebase-functions\\lib\\index.js"} {"metadata":{"emulator":{"name":"functions"},"message":"[runtime-status] [29276] Resolved module firebase-functions {\"declared\":true,\"installed\":true,\"version\":\"3.13.1\",\"resolution\":\"C:\\\\Users\\\\User\\\\Desktop\\\\sy project\\\\sy-project\\\\functions\\\\node_modules\\\\firebase-functions\\\\lib\\\\index.js\"}"}}
[debug] [2021-03-12T06:08:03.024Z] [runtime-status] [29276] Resolved module firebase-admin {"declared":true,"installed":true,"version":"9.5.0","resolution":"C:\\Users\\User\\Desktop\\sy project\\sy-project\\functions\\node_modules\\firebase-admin\\lib\\index.js"} {"metadata":{"emulator":{"name":"functions"},"message":"[runtime-status] [29276] Resolved module firebase-admin {\"declared\":true,\"installed\":true,\"version\":\"9.5.0\",\"resolution\":\"C:\\\\Users\\\\User\\\\Desktop\\\\sy project\\\\sy-project\\\\functions\\\\node_modules\\\\firebase-admin\\\\lib\\\\index.js\"}"}}
[debug] [2021-03-12T06:08:03.025Z] [runtime-status] [29276] Resolved module firebase-functions {"declared":true,"installed":true,"version":"3.13.1","resolution":"C:\\Users\\User\\Desktop\\sy project\\sy-project\\functions\\node_modules\\firebase-functions\\lib\\index.js"} {"metadata":{"emulator":{"name":"functions"},"message":"[runtime-status] [29276] Resolved module firebase-functions {\"declared\":true,\"installed\":true,\"version\":\"3.13.1\",\"resolution\":\"C:\\\\Users\\\\User\\\\Desktop\\\\sy project\\\\sy-project\\\\functions\\\\node_modules\\\\firebase-functions\\\\lib\\\\index.js\"}"}}
[debug] [2021-03-12T06:08:03.025Z] [runtime-status] [29276] firebase-admin has been stubbed. {"adminResolution":{"declared":true,"installed":true,"version":"9.5.0","resolution":"C:\\Users\\User\\Desktop\\sy project\\sy-project\\functions\\node_modules\\firebase-admin\\lib\\index.js"}} {"metadata":{"emulator":{"name":"functions"},"message":"[runtime-status] [29276] firebase-admin has been stubbed. {\"adminResolution\":{\"declared\":true,\"installed\":true,\"version\":\"9.5.0\",\"resolution\":\"C:\\\\Users\\\\User\\\\Desktop\\\\sy project\\\\sy-project\\\\functions\\\\node_modules\\\\firebase-admin\\\\lib\\\\index.js\"}}"}}
[info] +  functions[api]: http function initialized (http://localhost:5001/solankijewellers-5472e/us-central1/api). {"metadata":{"emulator":{"name":"functions"},"message":"\u001b[1mhttp\u001b[22m function initialized (http://localhost:5001/solankijewellers-5472e/us-central1/api)."}}
[info] 
┌─────────────────────────────────────────────────────────────┐
│ ✔  All emulators ready! It is now safe to connect your app. │
│ i  View Emulator UI at http://localhost:4001                │
└─────────────────────────────────────────────────────────────┘

┌───────────┬────────────────┬─────────────────────────────────┐
│ Emulator  │ Host:Port      │ View in Emulator UI             │
├───────────┼────────────────┼─────────────────────────────────┤
│ Functions │ localhost:5001 │ http://localhost:4001/functions │
└───────────┴────────────────┴─────────────────────────────────┘
  Emulator Hub running at localhost:4400
  Other reserved ports: 4500

Issues? Report them at https://github.com/firebase/firebase-tools/issues and attach the *-debug.log files.
 
[debug] [2021-03-12T06:08:03.321Z] [worker-~diagnostic~-a2798422-de96-42bd-8c50-503025b10d3a]: IDLE {"metadata":{"emulator":{"name":"functions"},"message":"[worker-~diagnostic~-a2798422-de96-42bd-8c50-503025b10d3a]: IDLE"}}
[debug] [2021-03-12T06:08:29.204Z] [work-queue] {"queueLength":1,"workRunningCount":0}
[debug] [2021-03-12T06:08:29.208Z] [work-queue] {"queueLength":0,"workRunningCount":1}
[debug] [2021-03-12T06:08:29.212Z] Accepted request POST /solankijewellers-5472e/us-central1/api/payments/create?total=50000 --> api
[debug] [2021-03-12T06:08:29.239Z] [worker-pool] addWorker(api) {"metadata":{"emulator":{"name":"functions"},"message":"[worker-pool] addWorker(api)"}}
[debug] [2021-03-12T06:08:29.240Z] [worker-pool] Adding worker with key api, total=1 {"metadata":{"emulator":{"name":"functions"},"message":"[worker-pool] Adding worker with key api, total=1"}}
[debug] [2021-03-12T06:08:29.241Z] [worker-pool] submitWork(triggerId=api) {"metadata":{"emulator":{"name":"functions"},"message":"[worker-pool] submitWork(triggerId=api)"}}
[debug] [2021-03-12T06:08:29.241Z] [worker-api-90c57ec0-b40c-46e4-a102-434ebc30132f]: Assigning socketPath: \\?\pipe\C:\Users\User\Desktop\sy project\sy-project\functions\23928 {"metadata":{"emulator":{"name":"functions"},"message":"[worker-api-90c57ec0-b40c-46e4-a102-434ebc30132f]: Assigning socketPath: \\\\?\\pipe\\C:\\Users\\User\\Desktop\\sy project\\sy-project\\functions\\23928"}}
[debug] [2021-03-12T06:08:29.242Z] [worker-api-90c57ec0-b40c-46e4-a102-434ebc30132f]: BUSY {"metadata":{"emulator":{"name":"functions"},"message":"[worker-api-90c57ec0-b40c-46e4-a102-434ebc30132f]: BUSY"}}
[debug] [2021-03-12T06:08:29.596Z] [runtime-status] [23928] Functions runtime initialized. {"cwd":"C:\\Users\\User\\Desktop\\sy project\\sy-project\\functions","node_version":"14.15.3"} {"metadata":{"emulator":{"name":"functions"},"function":{"name":"api"},"message":"[runtime-status] [23928] Functions runtime initialized. {\"cwd\":\"C:\\\\Users\\\\User\\\\Desktop\\\\sy project\\\\sy-project\\\\functions\",\"node_version\":\"14.15.3\"}"}}
[debug] [2021-03-12T06:08:29.600Z] [runtime-status] [23928] Disabled runtime features: undefined {"metadata":{"emulator":{"name":"functions"},"function":{"name":"api"},"message":"[runtime-status] [23928] Disabled runtime features: undefined"}}
[debug] [2021-03-12T06:08:29.605Z] [runtime-status] [23928] Resolved module firebase-admin {"declared":true,"installed":true,"version":"9.5.0","resolution":"C:\\Users\\User\\Desktop\\sy project\\sy-project\\functions\\node_modules\\firebase-admin\\lib\\index.js"} {"metadata":{"emulator":{"name":"functions"},"function":{"name":"api"},"message":"[runtime-status] [23928] Resolved module firebase-admin {\"declared\":true,\"installed\":true,\"version\":\"9.5.0\",\"resolution\":\"C:\\\\Users\\\\User\\\\Desktop\\\\sy project\\\\sy-project\\\\functions\\\\node_modules\\\\firebase-admin\\\\lib\\\\index.js\"}"}}
[debug] [2021-03-12T06:08:29.607Z] [runtime-status] [23928] Resolved module firebase-functions {"declared":true,"installed":true,"version":"3.13.1","resolution":"C:\\Users\\User\\Desktop\\sy project\\sy-project\\functions\\node_modules\\firebase-functions\\lib\\index.js"} {"metadata":{"emulator":{"name":"functions"},"function":{"name":"api"},"message":"[runtime-status] [23928] Resolved module firebase-functions {\"declared\":true,\"installed\":true,\"version\":\"3.13.1\",\"resolution\":\"C:\\\\Users\\\\User\\\\Desktop\\\\sy project\\\\sy-project\\\\functions\\\\node_modules\\\\firebase-functions\\\\lib\\\\index.js\"}"}}
[debug] [2021-03-12T06:08:29.609Z] [runtime-status] [23928] Resolved module firebase-functions {"declared":true,"installed":true,"version":"3.13.1","resolution":"C:\\Users\\User\\Desktop\\sy project\\sy-project\\functions\\node_modules\\firebase-functions\\lib\\index.js"} {"metadata":{"emulator":{"name":"functions"},"function":{"name":"api"},"message":"[runtime-status] [23928] Resolved module firebase-functions {\"declared\":true,\"installed\":true,\"version\":\"3.13.1\",\"resolution\":\"C:\\\\Users\\\\User\\\\Desktop\\\\sy project\\\\sy-project\\\\functions\\\\node_modules\\\\firebase-functions\\\\lib\\\\index.js\"}"}}
[debug] [2021-03-12T06:08:29.611Z] [runtime-status] [23928] Outgoing network have been stubbed. [{"name":"http","status":"mocked"},{"name":"http","status":"mocked"},{"name":"https","status":"mocked"},{"name":"https","status":"mocked"},{"name":"net","status":"mocked"}] {"metadata":{"emulator":{"name":"functions"},"function":{"name":"api"},"message":"[runtime-status] [23928] Outgoing network have been stubbed. [{\"name\":\"http\",\"status\":\"mocked\"},{\"name\":\"http\",\"status\":\"mocked\"},{\"name\":\"https\",\"status\":\"mocked\"},{\"name\":\"https\",\"status\":\"mocked\"},{\"name\":\"net\",\"status\":\"mocked\"}]"}}
[debug] [2021-03-12T06:08:29.612Z] [runtime-status] [23928] Resolved module firebase-functions {"declared":true,"installed":true,"version":"3.13.1","resolution":"C:\\Users\\User\\Desktop\\sy project\\sy-project\\functions\\node_modules\\firebase-functions\\lib\\index.js"} {"metadata":{"emulator":{"name":"functions"},"function":{"name":"api"},"message":"[runtime-status] [23928] Resolved module firebase-functions {\"declared\":true,\"installed\":true,\"version\":\"3.13.1\",\"resolution\":\"C:\\\\Users\\\\User\\\\Desktop\\\\sy project\\\\sy-project\\\\functions\\\\node_modules\\\\firebase-functions\\\\lib\\\\index.js\"}"}}
[debug] [2021-03-12T06:08:29.679Z] [runtime-status] [23928] Checked functions.config() {"config":{}} {"metadata":{"emulator":{"name":"functions"},"function":{"name":"api"},"message":"[runtime-status] [23928] Checked functions.config() {\"config\":{}}"}}
[debug] [2021-03-12T06:08:29.680Z] [runtime-status] [23928] firebase-functions has been stubbed. {"functionsResolution":{"declared":true,"installed":true,"version":"3.13.1","resolution":"C:\\Users\\User\\Desktop\\sy project\\sy-project\\functions\\node_modules\\firebase-functions\\lib\\index.js"}} {"metadata":{"emulator":{"name":"functions"},"function":{"name":"api"},"message":"[runtime-status] [23928] firebase-functions has been stubbed. {\"functionsResolution\":{\"declared\":true,\"installed\":true,\"version\":\"3.13.1\",\"resolution\":\"C:\\\\Users\\\\User\\\\Desktop\\\\sy project\\\\sy-project\\\\functions\\\\node_modules\\\\firebase-functions\\\\lib\\\\index.js\"}}"}}
[debug] [2021-03-12T06:08:29.680Z] [runtime-status] [23928] Resolved module firebase-functions {"declared":true,"installed":true,"version":"3.13.1","resolution":"C:\\Users\\User\\Desktop\\sy project\\sy-project\\functions\\node_modules\\firebase-functions\\lib\\index.js"} {"metadata":{"emulator":{"name":"functions"},"function":{"name":"api"},"message":"[runtime-status] [23928] Resolved module firebase-functions {\"declared\":true,\"installed\":true,\"version\":\"3.13.1\",\"resolution\":\"C:\\\\Users\\\\User\\\\Desktop\\\\sy project\\\\sy-project\\\\functions\\\\node_modules\\\\firebase-functions\\\\lib\\\\index.js\"}"}}
[debug] [2021-03-12T06:08:29.682Z] [runtime-status] [23928] Resolved module firebase-admin {"declared":true,"installed":true,"version":"9.5.0","resolution":"C:\\Users\\User\\Desktop\\sy project\\sy-project\\functions\\node_modules\\firebase-admin\\lib\\index.js"} {"metadata":{"emulator":{"name":"functions"},"function":{"name":"api"},"message":"[runtime-status] [23928] Resolved module firebase-admin {\"declared\":true,\"installed\":true,\"version\":\"9.5.0\",\"resolution\":\"C:\\\\Users\\\\User\\\\Desktop\\\\sy project\\\\sy-project\\\\functions\\\\node_modules\\\\firebase-admin\\\\lib\\\\index.js\"}"}}
[debug] [2021-03-12T06:08:29.683Z] [runtime-status] [23928] Resolved module firebase-functions {"declared":true,"installed":true,"version":"3.13.1","resolution":"C:\\Users\\User\\Desktop\\sy project\\sy-project\\functions\\node_modules\\firebase-functions\\lib\\index.js"} {"metadata":{"emulator":{"name":"functions"},"function":{"name":"api"},"message":"[runtime-status] [23928] Resolved module firebase-functions {\"declared\":true,\"installed\":true,\"version\":\"3.13.1\",\"resolution\":\"C:\\\\Users\\\\User\\\\Desktop\\\\sy project\\\\sy-project\\\\functions\\\\node_modules\\\\firebase-functions\\\\lib\\\\index.js\"}"}}
[debug] [2021-03-12T06:08:29.684Z] [runtime-status] [23928] firebase-admin has been stubbed. {"adminResolution":{"declared":true,"installed":true,"version":"9.5.0","resolution":"C:\\Users\\User\\Desktop\\sy project\\sy-project\\functions\\node_modules\\firebase-admin\\lib\\index.js"}} {"metadata":{"emulator":{"name":"functions"},"function":{"name":"api"},"message":"[runtime-status] [23928] firebase-admin has been stubbed. {\"adminResolution\":{\"declared\":true,\"installed\":true,\"version\":\"9.5.0\",\"resolution\":\"C:\\\\Users\\\\User\\\\Desktop\\\\sy project\\\\sy-project\\\\functions\\\\node_modules\\\\firebase-admin\\\\lib\\\\index.js\"}}"}}
[debug] [2021-03-12T06:08:29.940Z] [runtime-status] [23928] Trigger "api" has been found, beginning invocation! {"metadata":{"emulator":{"name":"functions"},"function":{"name":"api"},"message":"[runtime-status] [23928] Trigger \"api\" has been found, beginning invocation!"}}
[info] i  functions: Beginning execution of "api" {"metadata":{"emulator":{"name":"functions"},"function":{"name":"api"},"message":"Beginning execution of \"api\""}}
[debug] [2021-03-12T06:08:29.942Z] [runtime-status] [23928] triggerDefinition {"httpsTrigger":{},"name":"api","entryPoint":"api"} {"metadata":{"emulator":{"name":"functions"},"function":{"name":"api"},"message":"[runtime-status] [23928] triggerDefinition {\"httpsTrigger\":{},\"name\":\"api\",\"entryPoint\":\"api\"}"}}
[debug] [2021-03-12T06:08:29.942Z] [runtime-status] [23928] Running api in mode HTTPS {"metadata":{"emulator":{"name":"functions"},"function":{"name":"api"},"message":"[runtime-status] [23928] Running api in mode HTTPS"}}
[debug] [2021-03-12T06:08:29.947Z] [runtime-status] [23928] Attempting to listen to socketPath: \\?\pipe\C:\Users\User\Desktop\sy project\sy-project\functions\23928 {"metadata":{"emulator":{"name":"functions"},"function":{"name":"api"},"message":"[runtime-status] [23928] Attempting to listen to socketPath: \\\\?\\pipe\\C:\\Users\\User\\Desktop\\sy project\\sy-project\\functions\\23928"}}
[debug] [2021-03-12T06:08:29.954Z] [functions] Runtime ready! Sending request! {"metadata":{"emulator":{"name":"functions"},"message":"[functions] Runtime ready! Sending request!"}}
[debug] [2021-03-12T06:08:29.955Z] [functions] Got req.url=/solankijewellers-5472e/us-central1/api/payments/create?total=50000, mapping to path=/payments/create?total=50000 {"metadata":{"emulator":{"name":"functions"},"message":"[functions] Got req.url=/solankijewellers-5472e/us-central1/api/payments/create?total=50000, mapping to path=/payments/create?total=50000"}}
[debug] [2021-03-12T06:08:29.980Z] [runtime-status] [23928] Ephemeral server handling POST request {"metadata":{"emulator":{"name":"functions"},"function":{"name":"api"},"message":"[runtime-status] [23928] Ephemeral server handling POST request"}}
[info] >  Payment req received >>> 50000 {"user":"Payment req received >>> 50000","metadata":{"emulator":{"name":"functions"},"function":{"name":"api"},"message":"\u001b[90m> \u001b[39m Payment req received >>> 50000"}}
[debug] [2021-03-12T06:08:30.008Z] [runtime-status] [23928] Ephemeral server survived. {"metadata":{"emulator":{"name":"functions"},"function":{"name":"api"},"message":"[runtime-status] [23928] Ephemeral server survived."}}
[info] >  client secret jo yaha se nikla is { {"user":"client secret jo yaha se nikla is {","metadata":{"emulator":{"name":"functions"},"function":{"name":"api"},"message":"\u001b[90m> \u001b[39m client secret jo yaha se nikla is {"}}
[info] >    clientSecret: 'pi_1IU4AkJteJyyBz8siLR3vSe9_secret_EOspT7u6UwpoAMPdZ6PQi5o0W' {"user":"  clientSecret: 'pi_1IU4AkJteJyyBz8siLR3vSe9_secret_EOspT7u6UwpoAMPdZ6PQi5o0W'","metadata":{"emulator":{"name":"functions"},"function":{"name":"api"},"message":"\u001b[90m> \u001b[39m   clientSecret: 'pi_1IU4AkJteJyyBz8siLR3vSe9_secret_EOspT7u6UwpoAMPdZ6PQi5o0W'"}}
[info] >  } {"user":"}","metadata":{"emulator":{"name":"functions"},"function":{"name":"api"},"message":"\u001b[90m> \u001b[39m }"}}
[info] i  functions: Finished "api" in ~1s {"metadata":{"emulator":{"name":"functions"},"function":{"name":"api"},"message":"Finished \"api\" in ~1s"}}
[debug] [2021-03-12T06:08:31.168Z] [worker-api-90c57ec0-b40c-46e4-a102-434ebc30132f]: IDLE {"metadata":{"emulator":{"name":"functions"},"message":"[worker-api-90c57ec0-b40c-46e4-a102-434ebc30132f]: IDLE"}}
[debug] [2021-03-12T06:08:31.171Z] [work-queue] {"queueLength":0,"workRunningCount":0}
[debug] [2021-03-12T06:09:02.278Z] [work-queue] {"queueLength":1,"workRunningCount":0}
[debug] [2021-03-12T06:09:02.279Z] [work-queue] {"queueLength":0,"workRunningCount":1}
[debug] [2021-03-12T06:09:02.279Z] Accepted request POST /solankijewellers-5472e/us-central1/api/payments/create?total=0 --> api
[debug] [2021-03-12T06:09:02.279Z] [worker-pool] submitWork(triggerId=api) {"metadata":{"emulator":{"name":"functions"},"message":"[worker-pool] submitWork(triggerId=api)"}}
[debug] [2021-03-12T06:09:02.280Z] [worker-api-90c57ec0-b40c-46e4-a102-434ebc30132f]: Assigning socketPath: \\?\pipe\C:\Users\User\Desktop\sy project\sy-project\functions\23928 {"metadata":{"emulator":{"name":"functions"},"message":"[worker-api-90c57ec0-b40c-46e4-a102-434ebc30132f]: Assigning socketPath: \\\\?\\pipe\\C:\\Users\\User\\Desktop\\sy project\\sy-project\\functions\\23928"}}
[debug] [2021-03-12T06:09:02.280Z] [worker-api-90c57ec0-b40c-46e4-a102-434ebc30132f]: BUSY {"metadata":{"emulator":{"name":"functions"},"message":"[worker-api-90c57ec0-b40c-46e4-a102-434ebc30132f]: BUSY"}}
[debug] [2021-03-12T06:09:02.282Z] [runtime-status] [23928] Trigger "api" has been found, beginning invocation! {"metadata":{"emulator":{"name":"functions"},"function":{"name":"api"},"message":"[runtime-status] [23928] Trigger \"api\" has been found, beginning invocation!"}}
[info] i  functions: Beginning execution of "api" {"metadata":{"emulator":{"name":"functions"},"function":{"name":"api"},"message":"Beginning execution of \"api\""}}
[debug] [2021-03-12T06:09:02.285Z] [runtime-status] [23928] triggerDefinition {"httpsTrigger":{},"name":"api","entryPoint":"api"} {"metadata":{"emulator":{"name":"functions"},"function":{"name":"api"},"message":"[runtime-status] [23928] triggerDefinition {\"httpsTrigger\":{},\"name\":\"api\",\"entryPoint\":\"api\"}"}}
[debug] [2021-03-12T06:09:02.285Z] [runtime-status] [23928] Running api in mode HTTPS {"metadata":{"emulator":{"name":"functions"},"function":{"name":"api"},"message":"[runtime-status] [23928] Running api in mode HTTPS"}}
[debug] [2021-03-12T06:09:02.286Z] [runtime-status] [23928] Attempting to listen to socketPath: \\?\pipe\C:\Users\User\Desktop\sy project\sy-project\functions\23928 {"metadata":{"emulator":{"name":"functions"},"function":{"name":"api"},"message":"[runtime-status] [23928] Attempting to listen to socketPath: \\\\?\\pipe\\C:\\Users\\User\\Desktop\\sy project\\sy-project\\functions\\23928"}}
[debug] [2021-03-12T06:09:02.288Z] [functions] Runtime ready! Sending request! {"metadata":{"emulator":{"name":"functions"},"message":"[functions] Runtime ready! Sending request!"}}
[debug] [2021-03-12T06:09:02.288Z] [functions] Got req.url=/solankijewellers-5472e/us-central1/api/payments/create?total=0, mapping to path=/payments/create?total=0 {"metadata":{"emulator":{"name":"functions"},"message":"[functions] Got req.url=/solankijewellers-5472e/us-central1/api/payments/create?total=0, mapping to path=/payments/create?total=0"}}
[debug] [2021-03-12T06:09:02.296Z] [runtime-status] [23928] Ephemeral server handling POST request {"metadata":{"emulator":{"name":"functions"},"function":{"name":"api"},"message":"[runtime-status] [23928] Ephemeral server handling POST request"}}
[info] >  Payment req received >>> 0 {"user":"Payment req received >>> 0","metadata":{"emulator":{"name":"functions"},"function":{"name":"api"},"message":"\u001b[90m> \u001b[39m Payment req received >>> 0"}}
[debug] [2021-03-12T06:09:02.298Z] [runtime-status] [23928] Ephemeral server survived. {"metadata":{"emulator":{"name":"functions"},"function":{"name":"api"},"message":"[runtime-status] [23928] Ephemeral server survived."}}
[info] >  (node:23928) UnhandledPromiseRejectionWarning: Error: This value must be greater than or equal to 1. {"user":"(node:23928) UnhandledPromiseRejectionWarning: Error: This value must be greater than or equal to 1.","metadata":{"emulator":{"name":"functions"},"function":{"name":"api"},"message":"\u001b[90m> \u001b[39m (node:23928) UnhandledPromiseRejectionWarning: Error: This value must be greater than or equal to 1."}}
[info] >      at Function.generate (C:\Users\User\Desktop\sy project\sy-project\functions\node_modules\stripe\lib\Error.js:40:16) {"user":"    at Function.generate (C:\\Users\\User\\Desktop\\sy project\\sy-project\\functions\\node_modules\\stripe\\lib\\Error.js:40:16)","metadata":{"emulator":{"name":"functions"},"function":{"name":"api"},"message":"\u001b[90m> \u001b[39m     at Function.generate (C:\\Users\\User\\Desktop\\sy project\\sy-project\\functions\\node_modules\\stripe\\lib\\Error.js:40:16)"}}
[info] >      at IncomingMessage.<anonymous> (C:\Users\User\Desktop\sy project\sy-project\functions\node_modules\stripe\lib\StripeResource.js:180:33) {"user":"    at IncomingMessage.<anonymous> (C:\\Users\\User\\Desktop\\sy project\\sy-project\\functions\\node_modules\\stripe\\lib\\StripeResource.js:180:33)","metadata":{"emulator":{"name":"functions"},"function":{"name":"api"},"message":"\u001b[90m> \u001b[39m     at IncomingMessage.<anonymous> (C:\\Users\\User\\Desktop\\sy project\\sy-project\\functions\\node_modules\\stripe\\lib\\StripeResource.js:180:33)"}}
[info] >      at Object.onceWrapper (events.js:421:28) {"user":"    at Object.onceWrapper (events.js:421:28)","metadata":{"emulator":{"name":"functions"},"function":{"name":"api"},"message":"\u001b[90m> \u001b[39m     at Object.onceWrapper (events.js:421:28)"}}
[info] >      at IncomingMessage.emit (events.js:327:22) {"user":"    at IncomingMessage.emit (events.js:327:22)","metadata":{"emulator":{"name":"functions"},"function":{"name":"api"},"message":"\u001b[90m> \u001b[39m     at IncomingMessage.emit (events.js:327:22)"}}
[info] >      at endReadableNT (internal/streams/readable.js:1327:12) {"user":"    at endReadableNT (internal/streams/readable.js:1327:12)","metadata":{"emulator":{"name":"functions"},"function":{"name":"api"},"message":"\u001b[90m> \u001b[39m     at endReadableNT (internal/streams/readable.js:1327:12)"}}
[info] >      at processTicksAndRejections (internal/process/task_queues.js:80:21) {"user":"    at processTicksAndRejections (internal/process/task_queues.js:80:21)","metadata":{"emulator":{"name":"functions"},"function":{"name":"api"},"message":"\u001b[90m> \u001b[39m     at processTicksAndRejections (internal/process/task_queues.js:80:21)"}}
[info] >  (Use `node --trace-warnings ...` to show where the warning was created) {"user":"(Use `node --trace-warnings ...` to show where the warning was created)","metadata":{"emulator":{"name":"functions"},"function":{"name":"api"},"message":"\u001b[90m> \u001b[39m (Use `node --trace-warnings ...` to show where the warning was created)"}}
[info] >  (node:23928) UnhandledPromiseRejectionWarning: Unhandled promise rejection. This error originated either by throwing inside of an async function without a catch block, or by rejecting a promise which was not handled with .catch(). To terminate the node process on unhandled promise rejection, use the CLI flag `--unhandled-rejections=strict` (see https://nodejs.org/api/cli.html#cli_unhandled_rejections_mode). (rejection id: 1) {"user":"(node:23928) UnhandledPromiseRejectionWarning: Unhandled promise rejection. This error originated either by throwing inside of an async function without a catch block, or by rejecting a promise which was not handled with .catch(). To terminate the node process on unhandled promise rejection, use the CLI flag `--unhandled-rejections=strict` (see https://nodejs.org/api/cli.html#cli_unhandled_rejections_mode). (rejection id: 1)","metadata":{"emulator":{"name":"functions"},"function":{"name":"api"},"message":"\u001b[90m> \u001b[39m (node:23928) UnhandledPromiseRejectionWarning: Unhandled promise rejection. This error originated either by throwing inside of an async function without a catch block, or by rejecting a promise which was not handled with .catch(). To terminate the node process on unhandled promise rejection, use the CLI flag `--unhandled-rejections=strict` (see https://nodejs.org/api/cli.html#cli_unhandled_rejections_mode). (rejection id: 1)"}}
[info] >  (node:23928) [DEP0018] DeprecationWarning: Unhandled promise rejections are deprecated. In the future, promise rejections that are not handled will terminate the Node.js process with a non-zero exit code. {"user":"(node:23928) [DEP0018] DeprecationWarning: Unhandled promise rejections are deprecated. In the future, promise rejections that are not handled will terminate the Node.js process with a non-zero exit code.","metadata":{"emulator":{"name":"functions"},"function":{"name":"api"},"message":"\u001b[90m> \u001b[39m (node:23928) [DEP0018] DeprecationWarning: Unhandled promise rejections are deprecated. In the future, promise rejections that are not handled will terminate the Node.js process with a non-zero exit code."}}
[warn] !  functions: Your function timed out after ~60s. To configure this timeout, see
      https://firebase.google.com/docs/functions/manage-functions#set_timeout_and_memory_allocation. {"metadata":{"emulator":{"name":"functions"},"function":{"name":"api"},"message":"Your function timed out after ~60s. To configure this timeout, see\n      https://firebase.google.com/docs/functions/manage-functions#set_timeout_and_memory_allocation."}}
[info] >  C:\Users\User\AppData\Roaming\npm\node_modules\firebase-tools\lib\emulator\functionsEmulatorRuntime.js:642 {"user":"C:\\Users\\User\\AppData\\Roaming\\npm\\node_modules\\firebase-tools\\lib\\emulator\\functionsEmulatorRuntime.js:642\r","metadata":{"emulator":{"name":"functions"},"function":{"name":"api"},"message":"\u001b[90m> \u001b[39m C:\\Users\\User\\AppData\\Roaming\\npm\\node_modules\\firebase-tools\\lib\\emulator\\functionsEmulatorRuntime.js:642\r"}}
[info] >              throw new Error("Function timed out."); {"user":"            throw new Error(\"Function timed out.\");\r","metadata":{"emulator":{"name":"functions"},"function":{"name":"api"},"message":"\u001b[90m> \u001b[39m             throw new Error(\"Function timed out.\");\r"}}
[info] >              ^ {"user":"            ^\r","metadata":{"emulator":{"name":"functions"},"function":{"name":"api"},"message":"\u001b[90m> \u001b[39m             ^\r"}}
[info] >   {"user":"\r","metadata":{"emulator":{"name":"functions"},"function":{"name":"api"},"message":"\u001b[90m> \u001b[39m \r"}}
[info] >  Error: Function timed out. {"user":"Error: Function timed out.\r","metadata":{"emulator":{"name":"functions"},"function":{"name":"api"},"message":"\u001b[90m> \u001b[39m Error: Function timed out.\r"}}
[info] >      at Timeout._onTimeout (C:\Users\User\AppData\Roaming\npm\node_modules\firebase-tools\lib\emulator\functionsEmulatorRuntime.js:642:19) {"user":"    at Timeout._onTimeout (C:\\Users\\User\\AppData\\Roaming\\npm\\node_modules\\firebase-tools\\lib\\emulator\\functionsEmulatorRuntime.js:642:19)\r","metadata":{"emulator":{"name":"functions"},"function":{"name":"api"},"message":"\u001b[90m> \u001b[39m     at Timeout._onTimeout (C:\\Users\\User\\AppData\\Roaming\\npm\\node_modules\\firebase-tools\\lib\\emulator\\functionsEmulatorRuntime.js:642:19)\r"}}
[info] >      at listOnTimeout (internal/timers.js:554:17) {"user":"    at listOnTimeout (internal/timers.js:554:17)\r","metadata":{"emulator":{"name":"functions"},"function":{"name":"api"},"message":"\u001b[90m> \u001b[39m     at listOnTimeout (internal/timers.js:554:17)\r"}}
[info] >      at processTimers (internal/timers.js:497:7) {"user":"    at processTimers (internal/timers.js:497:7)\r","metadata":{"emulator":{"name":"functions"},"function":{"name":"api"},"message":"\u001b[90m> \u001b[39m     at processTimers (internal/timers.js:497:7)\r"}}
[debug] [2021-03-12T06:10:02.325Z] [worker-api-90c57ec0-b40c-46e4-a102-434ebc30132f]: exited {"metadata":{"emulator":{"name":"functions"},"message":"[worker-api-90c57ec0-b40c-46e4-a102-434ebc30132f]: exited"}}
[debug] [2021-03-12T06:10:02.326Z] [worker-api-90c57ec0-b40c-46e4-a102-434ebc30132f]: FINISHED {"metadata":{"emulator":{"name":"functions"},"message":"[worker-api-90c57ec0-b40c-46e4-a102-434ebc30132f]: FINISHED"}}
[debug] [2021-03-12T06:10:02.326Z] [work-queue] {"queueLength":0,"workRunningCount":0}
[debug] [2021-03-13T05:44:31.007Z] ----------------------------------------------------------------------
[debug] [2021-03-13T05:44:31.011Z] Command:       C:\Program Files\nodejs\node.exe C:\Users\User\AppData\Roaming\npm\node_modules\firebase-tools\lib\bin\firebase.js emulators:start
[debug] [2021-03-13T05:44:31.012Z] CLI Version:   9.5.0
[debug] [2021-03-13T05:44:31.012Z] Platform:      win32
[debug] [2021-03-13T05:44:31.012Z] Node Version:  v14.15.3
[debug] [2021-03-13T05:44:31.014Z] Time:          Sat Mar 13 2021 11:14:31 GMT+0530 (India Standard Time)
[debug] [2021-03-13T05:44:31.015Z] ----------------------------------------------------------------------
[debug] [2021-03-13T05:44:31.015Z] 
[debug] [2021-03-13T05:44:31.020Z] >>> [apiv2][query] GET https://firebase-public.firebaseio.com/cli.json [none]
[debug] [2021-03-13T05:44:31.111Z] > command requires scopes: ["email","openid","https://www.googleapis.com/auth/cloudplatformprojects.readonly","https://www.googleapis.com/auth/firebase","https://www.googleapis.com/auth/cloud-platform"]
[debug] [2021-03-13T05:44:31.113Z] > authorizing via signed-in user
[info] i  emulators: Starting emulators: functions {"metadata":{"emulator":{"name":"hub"},"message":"Starting emulators: functions"}}
[warn] !  emulators: It seems that you are running multiple instances of the emulator suite for project solankijewellers-5472e. This may result in unexpected behavior. 
[debug] [2021-03-13T05:44:31.182Z] [hub] writing locator at C:\Users\User\AppData\Local\Temp\hub-solankijewellers-5472e.json
[warn] !  functions: The following emulators are not running, calls to these services from the Functions emulator will affect production: auth, firestore, database, hosting, pubsub {"metadata":{"emulator":{"name":"functions"},"message":"The following emulators are not running, calls to these services from the Functions emulator will affect production: \u001b[1mauth, firestore, database, hosting, pubsub\u001b[22m"}}
[warn] !  Your requested "node" version "12" doesn't match your global version "14" {"metadata":{"emulator":{"name":"functions"},"message":"Your requested \"node\" version \"12\" doesn't match your global version \"14\""}}
[debug] [2021-03-13T05:44:31.222Z] defaultcredentials: writing to file C:\Users\User\AppData\Roaming\firebase\vishalsolnki786_gmail_com_application_default_credentials.json
[debug] [2021-03-13T05:44:31.225Z] Setting GAC to C:\Users\User\AppData\Roaming\firebase\vishalsolnki786_gmail_com_application_default_credentials.json {"metadata":{"emulator":{"name":"functions"},"message":"Setting GAC to C:\\Users\\User\\AppData\\Roaming\\firebase\\vishalsolnki786_gmail_com_application_default_credentials.json"}}
[debug] [2021-03-13T05:44:31.227Z] > refreshing access token with scopes: []
[debug] [2021-03-13T05:44:31.228Z] >>> HTTP REQUEST POST https://www.googleapis.com/oauth2/v3/token  
 <request body omitted>
[debug] [2021-03-13T05:44:31.393Z] <<< HTTP RESPONSE 200 {"date":"Sat, 13 Mar 2021 05:44:31 GMT","cache-control":"no-cache, no-store, max-age=0, must-revalidate","expires":"Mon, 01 Jan 1990 00:00:00 GMT","pragma":"no-cache","content-type":"application/json; charset=utf-8","vary":"X-Origin, Referer, Origin,Accept-Encoding","server":"scaffolding on HTTPServer2","x-xss-protection":"0","x-frame-options":"SAMEORIGIN","x-content-type-options":"nosniff","alt-svc":"h3-29=\":443\"; ma=2592000,h3-T051=\":443\"; ma=2592000,h3-Q050=\":443\"; ma=2592000,h3-Q046=\":443\"; ma=2592000,h3-Q043=\":443\"; ma=2592000,quic=\":443\"; ma=2592000; v=\"46,43\"","accept-ranges":"none","transfer-encoding":"chunked"}
[debug] [2021-03-13T05:44:31.410Z] >>> [apiv2][query] GET https://firebase.googleapis.com/v1beta1/projects/solankijewellers-5472e/adminSdkConfig [none]
[debug] [2021-03-13T05:44:31.987Z] <<< [apiv2][status] GET https://firebase.googleapis.com/v1beta1/projects/solankijewellers-5472e/adminSdkConfig 200
[debug] [2021-03-13T05:44:31.987Z] <<< [apiv2][body] GET https://firebase.googleapis.com/v1beta1/projects/solankijewellers-5472e/adminSdkConfig {"projectId":"solankijewellers-5472e","databaseURL":"https://solankijewellers-5472e-default-rtdb.firebaseio.com","storageBucket":"solankijewellers-5472e.appspot.com","locationId":"us-central"}
[debug] [2021-03-13T05:44:32.009Z] <<< [apiv2][status] GET https://firebase-public.firebaseio.com/cli.json 200
[debug] [2021-03-13T05:44:32.009Z] <<< [apiv2][body] GET https://firebase-public.firebaseio.com/cli.json {"cloudBuildErrorAfter":1594252800000,"cloudBuildWarnAfter":1590019200000,"defaultNode10After":1594252800000,"minVersion":"3.0.5","node8DeploysDisabledAfter":1613390400000,"node8RuntimeDisabledAfter":1615809600000,"node8WarnAfter":1600128000000}
[debug] [2021-03-13T05:44:32.036Z] Ignoring unsupported arg: auto_download {"metadata":{"emulator":{"name":"ui"},"message":"Ignoring unsupported arg: auto_download"}}
[debug] [2021-03-13T05:44:32.036Z] Ignoring unsupported arg: port {"metadata":{"emulator":{"name":"ui"},"message":"Ignoring unsupported arg: port"}}
[debug] [2021-03-13T05:44:32.036Z] Starting Emulator UI with command {"binary":"node","args":["C:\\Users\\User\\.cache\\firebase\\emulators\\ui-v1.4.2\\server.bundle.js"],"optionalArgs":[],"joinArgs":false} {"metadata":{"emulator":{"name":"ui"},"message":"Starting Emulator UI with command {\"binary\":\"node\",\"args\":[\"C:\\\\Users\\\\User\\\\.cache\\\\firebase\\\\emulators\\\\ui-v1.4.2\\\\server.bundle.js\"],\"optionalArgs\":[],\"joinArgs\":false}"}}
[info] i  ui: Emulator UI logging to ui-debug.log {"metadata":{"emulator":{"name":"ui"},"message":"Emulator UI logging to \u001b[1mui-debug.log\u001b[22m"}}
[debug] [2021-03-13T05:44:32.365Z] Web / API server started at http://localhost:4000
 {"metadata":{"emulator":{"name":"ui"},"message":"Web / API server started at http://localhost:4000\n"}}
[info] i  functions: Watching "C:\Users\User\Desktop\sy project\sy-project\functions" for Cloud Functions... {"metadata":{"emulator":{"name":"functions"},"message":"Watching \"C:\\Users\\User\\Desktop\\sy project\\sy-project\\functions\" for Cloud Functions..."}}
[debug] [2021-03-13T05:44:32.628Z] [worker-pool] addWorker(~diagnostic~) {"metadata":{"emulator":{"name":"functions"},"message":"[worker-pool] addWorker(~diagnostic~)"}}
[debug] [2021-03-13T05:44:32.628Z] [worker-pool] Adding worker with key ~diagnostic~, total=1 {"metadata":{"emulator":{"name":"functions"},"message":"[worker-pool] Adding worker with key ~diagnostic~, total=1"}}
[debug] [2021-03-13T05:44:32.628Z] [worker-pool] submitWork(triggerId=) {"metadata":{"emulator":{"name":"functions"},"message":"[worker-pool] submitWork(triggerId=)"}}
[debug] [2021-03-13T05:44:32.629Z] [worker-~diagnostic~-a8656bdd-514b-435b-8006-7bc07a0bad3d]: Assigning socketPath: \\?\pipe\C:\Users\User\Desktop\sy project\sy-project\functions\4916 {"metadata":{"emulator":{"name":"functions"},"message":"[worker-~diagnostic~-a8656bdd-514b-435b-8006-7bc07a0bad3d]: Assigning socketPath: \\\\?\\pipe\\C:\\Users\\User\\Desktop\\sy project\\sy-project\\functions\\4916"}}
[debug] [2021-03-13T05:44:32.631Z] [worker-~diagnostic~-a8656bdd-514b-435b-8006-7bc07a0bad3d]: BUSY {"metadata":{"emulator":{"name":"functions"},"message":"[worker-~diagnostic~-a8656bdd-514b-435b-8006-7bc07a0bad3d]: BUSY"}}
[debug] [2021-03-13T05:44:33.036Z] [runtime-status] [4916] Functions runtime initialized. {"cwd":"C:\\Users\\User\\Desktop\\sy project\\sy-project\\functions","node_version":"14.15.3"} {"metadata":{"emulator":{"name":"functions"},"message":"[runtime-status] [4916] Functions runtime initialized. {\"cwd\":\"C:\\\\Users\\\\User\\\\Desktop\\\\sy project\\\\sy-project\\\\functions\",\"node_version\":\"14.15.3\"}"}}
[debug] [2021-03-13T05:44:33.039Z] [runtime-status] [4916] Disabled runtime features: undefined {"metadata":{"emulator":{"name":"functions"},"message":"[runtime-status] [4916] Disabled runtime features: undefined"}}
[debug] [2021-03-13T05:44:33.047Z] [runtime-status] [4916] Resolved module firebase-admin {"declared":true,"installed":true,"version":"9.5.0","resolution":"C:\\Users\\User\\Desktop\\sy project\\sy-project\\functions\\node_modules\\firebase-admin\\lib\\index.js"} {"metadata":{"emulator":{"name":"functions"},"message":"[runtime-status] [4916] Resolved module firebase-admin {\"declared\":true,\"installed\":true,\"version\":\"9.5.0\",\"resolution\":\"C:\\\\Users\\\\User\\\\Desktop\\\\sy project\\\\sy-project\\\\functions\\\\node_modules\\\\firebase-admin\\\\lib\\\\index.js\"}"}}
[debug] [2021-03-13T05:44:33.052Z] [runtime-status] [4916] Resolved module firebase-functions {"declared":true,"installed":true,"version":"3.13.1","resolution":"C:\\Users\\User\\Desktop\\sy project\\sy-project\\functions\\node_modules\\firebase-functions\\lib\\index.js"} {"metadata":{"emulator":{"name":"functions"},"message":"[runtime-status] [4916] Resolved module firebase-functions {\"declared\":true,\"installed\":true,\"version\":\"3.13.1\",\"resolution\":\"C:\\\\Users\\\\User\\\\Desktop\\\\sy project\\\\sy-project\\\\functions\\\\node_modules\\\\firebase-functions\\\\lib\\\\index.js\"}"}}
[debug] [2021-03-13T05:44:33.055Z] [runtime-status] [4916] Resolved module firebase-functions {"declared":true,"installed":true,"version":"3.13.1","resolution":"C:\\Users\\User\\Desktop\\sy project\\sy-project\\functions\\node_modules\\firebase-functions\\lib\\index.js"} {"metadata":{"emulator":{"name":"functions"},"message":"[runtime-status] [4916] Resolved module firebase-functions {\"declared\":true,\"installed\":true,\"version\":\"3.13.1\",\"resolution\":\"C:\\\\Users\\\\User\\\\Desktop\\\\sy project\\\\sy-project\\\\functions\\\\node_modules\\\\firebase-functions\\\\lib\\\\index.js\"}"}}
[debug] [2021-03-13T05:44:33.057Z] [runtime-status] [4916] Outgoing network have been stubbed. [{"name":"http","status":"mocked"},{"name":"http","status":"mocked"},{"name":"https","status":"mocked"},{"name":"https","status":"mocked"},{"name":"net","status":"mocked"}] {"metadata":{"emulator":{"name":"functions"},"message":"[runtime-status] [4916] Outgoing network have been stubbed. [{\"name\":\"http\",\"status\":\"mocked\"},{\"name\":\"http\",\"status\":\"mocked\"},{\"name\":\"https\",\"status\":\"mocked\"},{\"name\":\"https\",\"status\":\"mocked\"},{\"name\":\"net\",\"status\":\"mocked\"}]"}}
[debug] [2021-03-13T05:44:33.058Z] [runtime-status] [4916] Resolved module firebase-functions {"declared":true,"installed":true,"version":"3.13.1","resolution":"C:\\Users\\User\\Desktop\\sy project\\sy-project\\functions\\node_modules\\firebase-functions\\lib\\index.js"} {"metadata":{"emulator":{"name":"functions"},"message":"[runtime-status] [4916] Resolved module firebase-functions {\"declared\":true,\"installed\":true,\"version\":\"3.13.1\",\"resolution\":\"C:\\\\Users\\\\User\\\\Desktop\\\\sy project\\\\sy-project\\\\functions\\\\node_modules\\\\firebase-functions\\\\lib\\\\index.js\"}"}}
[debug] [2021-03-13T05:44:33.186Z] [runtime-status] [4916] Checked functions.config() {"config":{}} {"metadata":{"emulator":{"name":"functions"},"message":"[runtime-status] [4916] Checked functions.config() {\"config\":{}}"}}
[debug] [2021-03-13T05:44:33.187Z] [runtime-status] [4916] firebase-functions has been stubbed. {"functionsResolution":{"declared":true,"installed":true,"version":"3.13.1","resolution":"C:\\Users\\User\\Desktop\\sy project\\sy-project\\functions\\node_modules\\firebase-functions\\lib\\index.js"}} {"metadata":{"emulator":{"name":"functions"},"message":"[runtime-status] [4916] firebase-functions has been stubbed. {\"functionsResolution\":{\"declared\":true,\"installed\":true,\"version\":\"3.13.1\",\"resolution\":\"C:\\\\Users\\\\User\\\\Desktop\\\\sy project\\\\sy-project\\\\functions\\\\node_modules\\\\firebase-functions\\\\lib\\\\index.js\"}}"}}
[debug] [2021-03-13T05:44:33.187Z] [runtime-status] [4916] Resolved module firebase-functions {"declared":true,"installed":true,"version":"3.13.1","resolution":"C:\\Users\\User\\Desktop\\sy project\\sy-project\\functions\\node_modules\\firebase-functions\\lib\\index.js"} {"metadata":{"emulator":{"name":"functions"},"message":"[runtime-status] [4916] Resolved module firebase-functions {\"declared\":true,\"installed\":true,\"version\":\"3.13.1\",\"resolution\":\"C:\\\\Users\\\\User\\\\Desktop\\\\sy project\\\\sy-project\\\\functions\\\\node_modules\\\\firebase-functions\\\\lib\\\\index.js\"}"}}
[debug] [2021-03-13T05:44:33.189Z] [runtime-status] [4916] Resolved module firebase-admin {"declared":true,"installed":true,"version":"9.5.0","resolution":"C:\\Users\\User\\Desktop\\sy project\\sy-project\\functions\\node_modules\\firebase-admin\\lib\\index.js"} {"metadata":{"emulator":{"name":"functions"},"message":"[runtime-status] [4916] Resolved module firebase-admin {\"declared\":true,\"installed\":true,\"version\":\"9.5.0\",\"resolution\":\"C:\\\\Users\\\\User\\\\Desktop\\\\sy project\\\\sy-project\\\\functions\\\\node_modules\\\\firebase-admin\\\\lib\\\\index.js\"}"}}
[debug] [2021-03-13T05:44:33.190Z] [runtime-status] [4916] Resolved module firebase-functions {"declared":true,"installed":true,"version":"3.13.1","resolution":"C:\\Users\\User\\Desktop\\sy project\\sy-project\\functions\\node_modules\\firebase-functions\\lib\\index.js"} {"metadata":{"emulator":{"name":"functions"},"message":"[runtime-status] [4916] Resolved module firebase-functions {\"declared\":true,\"installed\":true,\"version\":\"3.13.1\",\"resolution\":\"C:\\\\Users\\\\User\\\\Desktop\\\\sy project\\\\sy-project\\\\functions\\\\node_modules\\\\firebase-functions\\\\lib\\\\index.js\"}"}}
[debug] [2021-03-13T05:44:33.191Z] [runtime-status] [4916] firebase-admin has been stubbed. {"adminResolution":{"declared":true,"installed":true,"version":"9.5.0","resolution":"C:\\Users\\User\\Desktop\\sy project\\sy-project\\functions\\node_modules\\firebase-admin\\lib\\index.js"}} {"metadata":{"emulator":{"name":"functions"},"message":"[runtime-status] [4916] firebase-admin has been stubbed. {\"adminResolution\":{\"declared\":true,\"installed\":true,\"version\":\"9.5.0\",\"resolution\":\"C:\\\\Users\\\\User\\\\Desktop\\\\sy project\\\\sy-project\\\\functions\\\\node_modules\\\\firebase-admin\\\\lib\\\\index.js\"}}"}}
[info] +  functions[api]: http function initialized (http://localhost:5001/solankijewellers-5472e/us-central1/api). {"metadata":{"emulator":{"name":"functions"},"message":"\u001b[1mhttp\u001b[22m function initialized (http://localhost:5001/solankijewellers-5472e/us-central1/api)."}}
[info] 
┌─────────────────────────────────────────────────────────────┐
│ ✔  All emulators ready! It is now safe to connect your app. │
│ i  View Emulator UI at http://localhost:4000                │
└─────────────────────────────────────────────────────────────┘

┌───────────┬────────────────┬─────────────────────────────────┐
│ Emulator  │ Host:Port      │ View in Emulator UI             │
├───────────┼────────────────┼─────────────────────────────────┤
│ Functions │ localhost:5001 │ http://localhost:4000/functions │
└───────────┴────────────────┴─────────────────────────────────┘
  Emulator Hub running at localhost:4400
  Other reserved ports: 4500

Issues? Report them at https://github.com/firebase/firebase-tools/issues and attach the *-debug.log files.
 
[debug] [2021-03-13T05:44:33.725Z] [worker-~diagnostic~-a8656bdd-514b-435b-8006-7bc07a0bad3d]: IDLE {"metadata":{"emulator":{"name":"functions"},"message":"[worker-~diagnostic~-a8656bdd-514b-435b-8006-7bc07a0bad3d]: IDLE"}}
[debug] [2021-03-13T05:45:44.524Z] [work-queue] {"queueLength":1,"workRunningCount":0}
[debug] [2021-03-13T05:45:44.525Z] [work-queue] {"queueLength":0,"workRunningCount":1}
[debug] [2021-03-13T05:45:44.525Z] Accepted request GET /solankijewellers-5472e/us-central1/api --> api
[debug] [2021-03-13T05:45:44.536Z] [worker-pool] addWorker(api) {"metadata":{"emulator":{"name":"functions"},"message":"[worker-pool] addWorker(api)"}}
[debug] [2021-03-13T05:45:44.536Z] [worker-pool] Adding worker with key api, total=1 {"metadata":{"emulator":{"name":"functions"},"message":"[worker-pool] Adding worker with key api, total=1"}}
[debug] [2021-03-13T05:45:44.537Z] [worker-pool] submitWork(triggerId=api) {"metadata":{"emulator":{"name":"functions"},"message":"[worker-pool] submitWork(triggerId=api)"}}
[debug] [2021-03-13T05:45:44.537Z] [worker-api-949bcaf4-402d-4c44-a48a-2c04d8844467]: Assigning socketPath: \\?\pipe\C:\Users\User\Desktop\sy project\sy-project\functions\28020 {"metadata":{"emulator":{"name":"functions"},"message":"[worker-api-949bcaf4-402d-4c44-a48a-2c04d8844467]: Assigning socketPath: \\\\?\\pipe\\C:\\Users\\User\\Desktop\\sy project\\sy-project\\functions\\28020"}}
[debug] [2021-03-13T05:45:44.537Z] [worker-api-949bcaf4-402d-4c44-a48a-2c04d8844467]: BUSY {"metadata":{"emulator":{"name":"functions"},"message":"[worker-api-949bcaf4-402d-4c44-a48a-2c04d8844467]: BUSY"}}
[debug] [2021-03-13T05:45:44.878Z] [runtime-status] [28020] Functions runtime initialized. {"cwd":"C:\\Users\\User\\Desktop\\sy project\\sy-project\\functions","node_version":"14.15.3"} {"metadata":{"emulator":{"name":"functions"},"function":{"name":"api"},"message":"[runtime-status] [28020] Functions runtime initialized. {\"cwd\":\"C:\\\\Users\\\\User\\\\Desktop\\\\sy project\\\\sy-project\\\\functions\",\"node_version\":\"14.15.3\"}"}}
[debug] [2021-03-13T05:45:44.882Z] [runtime-status] [28020] Disabled runtime features: undefined {"metadata":{"emulator":{"name":"functions"},"function":{"name":"api"},"message":"[runtime-status] [28020] Disabled runtime features: undefined"}}
[debug] [2021-03-13T05:45:44.886Z] [runtime-status] [28020] Resolved module firebase-admin {"declared":true,"installed":true,"version":"9.5.0","resolution":"C:\\Users\\User\\Desktop\\sy project\\sy-project\\functions\\node_modules\\firebase-admin\\lib\\index.js"} {"metadata":{"emulator":{"name":"functions"},"function":{"name":"api"},"message":"[runtime-status] [28020] Resolved module firebase-admin {\"declared\":true,\"installed\":true,\"version\":\"9.5.0\",\"resolution\":\"C:\\\\Users\\\\User\\\\Desktop\\\\sy project\\\\sy-project\\\\functions\\\\node_modules\\\\firebase-admin\\\\lib\\\\index.js\"}"}}
[debug] [2021-03-13T05:45:44.888Z] [runtime-status] [28020] Resolved module firebase-functions {"declared":true,"installed":true,"version":"3.13.1","resolution":"C:\\Users\\User\\Desktop\\sy project\\sy-project\\functions\\node_modules\\firebase-functions\\lib\\index.js"} {"metadata":{"emulator":{"name":"functions"},"function":{"name":"api"},"message":"[runtime-status] [28020] Resolved module firebase-functions {\"declared\":true,\"installed\":true,\"version\":\"3.13.1\",\"resolution\":\"C:\\\\Users\\\\User\\\\Desktop\\\\sy project\\\\sy-project\\\\functions\\\\node_modules\\\\firebase-functions\\\\lib\\\\index.js\"}"}}
[debug] [2021-03-13T05:45:44.890Z] [runtime-status] [28020] Resolved module firebase-functions {"declared":true,"installed":true,"version":"3.13.1","resolution":"C:\\Users\\User\\Desktop\\sy project\\sy-project\\functions\\node_modules\\firebase-functions\\lib\\index.js"} {"metadata":{"emulator":{"name":"functions"},"function":{"name":"api"},"message":"[runtime-status] [28020] Resolved module firebase-functions {\"declared\":true,\"installed\":true,\"version\":\"3.13.1\",\"resolution\":\"C:\\\\Users\\\\User\\\\Desktop\\\\sy project\\\\sy-project\\\\functions\\\\node_modules\\\\firebase-functions\\\\lib\\\\index.js\"}"}}
[debug] [2021-03-13T05:45:44.892Z] [runtime-status] [28020] Outgoing network have been stubbed. [{"name":"http","status":"mocked"},{"name":"http","status":"mocked"},{"name":"https","status":"mocked"},{"name":"https","status":"mocked"},{"name":"net","status":"mocked"}] {"metadata":{"emulator":{"name":"functions"},"function":{"name":"api"},"message":"[runtime-status] [28020] Outgoing network have been stubbed. [{\"name\":\"http\",\"status\":\"mocked\"},{\"name\":\"http\",\"status\":\"mocked\"},{\"name\":\"https\",\"status\":\"mocked\"},{\"name\":\"https\",\"status\":\"mocked\"},{\"name\":\"net\",\"status\":\"mocked\"}]"}}
[debug] [2021-03-13T05:45:44.893Z] [runtime-status] [28020] Resolved module firebase-functions {"declared":true,"installed":true,"version":"3.13.1","resolution":"C:\\Users\\User\\Desktop\\sy project\\sy-project\\functions\\node_modules\\firebase-functions\\lib\\index.js"} {"metadata":{"emulator":{"name":"functions"},"function":{"name":"api"},"message":"[runtime-status] [28020] Resolved module firebase-functions {\"declared\":true,\"installed\":true,\"version\":\"3.13.1\",\"resolution\":\"C:\\\\Users\\\\User\\\\Desktop\\\\sy project\\\\sy-project\\\\functions\\\\node_modules\\\\firebase-functions\\\\lib\\\\index.js\"}"}}
[debug] [2021-03-13T05:45:44.960Z] [runtime-status] [28020] Checked functions.config() {"config":{}} {"metadata":{"emulator":{"name":"functions"},"function":{"name":"api"},"message":"[runtime-status] [28020] Checked functions.config() {\"config\":{}}"}}
[debug] [2021-03-13T05:45:44.961Z] [runtime-status] [28020] firebase-functions has been stubbed. {"functionsResolution":{"declared":true,"installed":true,"version":"3.13.1","resolution":"C:\\Users\\User\\Desktop\\sy project\\sy-project\\functions\\node_modules\\firebase-functions\\lib\\index.js"}} {"metadata":{"emulator":{"name":"functions"},"function":{"name":"api"},"message":"[runtime-status] [28020] firebase-functions has been stubbed. {\"functionsResolution\":{\"declared\":true,\"installed\":true,\"version\":\"3.13.1\",\"resolution\":\"C:\\\\Users\\\\User\\\\Desktop\\\\sy project\\\\sy-project\\\\functions\\\\node_modules\\\\firebase-functions\\\\lib\\\\index.js\"}}"}}
[debug] [2021-03-13T05:45:44.961Z] [runtime-status] [28020] Resolved module firebase-functions {"declared":true,"installed":true,"version":"3.13.1","resolution":"C:\\Users\\User\\Desktop\\sy project\\sy-project\\functions\\node_modules\\firebase-functions\\lib\\index.js"} {"metadata":{"emulator":{"name":"functions"},"function":{"name":"api"},"message":"[runtime-status] [28020] Resolved module firebase-functions {\"declared\":true,\"installed\":true,\"version\":\"3.13.1\",\"resolution\":\"C:\\\\Users\\\\User\\\\Desktop\\\\sy project\\\\sy-project\\\\functions\\\\node_modules\\\\firebase-functions\\\\lib\\\\index.js\"}"}}
[debug] [2021-03-13T05:45:44.963Z] [runtime-status] [28020] Resolved module firebase-admin {"declared":true,"installed":true,"version":"9.5.0","resolution":"C:\\Users\\User\\Desktop\\sy project\\sy-project\\functions\\node_modules\\firebase-admin\\lib\\index.js"} {"metadata":{"emulator":{"name":"functions"},"function":{"name":"api"},"message":"[runtime-status] [28020] Resolved module firebase-admin {\"declared\":true,\"installed\":true,\"version\":\"9.5.0\",\"resolution\":\"C:\\\\Users\\\\User\\\\Desktop\\\\sy project\\\\sy-project\\\\functions\\\\node_modules\\\\firebase-admin\\\\lib\\\\index.js\"}"}}
[debug] [2021-03-13T05:45:44.964Z] [runtime-status] [28020] Resolved module firebase-functions {"declared":true,"installed":true,"version":"3.13.1","resolution":"C:\\Users\\User\\Desktop\\sy project\\sy-project\\functions\\node_modules\\firebase-functions\\lib\\index.js"} {"metadata":{"emulator":{"name":"functions"},"function":{"name":"api"},"message":"[runtime-status] [28020] Resolved module firebase-functions {\"declared\":true,\"installed\":true,\"version\":\"3.13.1\",\"resolution\":\"C:\\\\Users\\\\User\\\\Desktop\\\\sy project\\\\sy-project\\\\functions\\\\node_modules\\\\firebase-functions\\\\lib\\\\index.js\"}"}}
[debug] [2021-03-13T05:45:44.965Z] [runtime-status] [28020] firebase-admin has been stubbed. {"adminResolution":{"declared":true,"installed":true,"version":"9.5.0","resolution":"C:\\Users\\User\\Desktop\\sy project\\sy-project\\functions\\node_modules\\firebase-admin\\lib\\index.js"}} {"metadata":{"emulator":{"name":"functions"},"function":{"name":"api"},"message":"[runtime-status] [28020] firebase-admin has been stubbed. {\"adminResolution\":{\"declared\":true,\"installed\":true,\"version\":\"9.5.0\",\"resolution\":\"C:\\\\Users\\\\User\\\\Desktop\\\\sy project\\\\sy-project\\\\functions\\\\node_modules\\\\firebase-admin\\\\lib\\\\index.js\"}}"}}
[debug] [2021-03-13T05:45:45.422Z] [runtime-status] [28020] Trigger "api" has been found, beginning invocation! {"metadata":{"emulator":{"name":"functions"},"function":{"name":"api"},"message":"[runtime-status] [28020] Trigger \"api\" has been found, beginning invocation!"}}
[info] i  functions: Beginning execution of "api" {"metadata":{"emulator":{"name":"functions"},"function":{"name":"api"},"message":"Beginning execution of \"api\""}}
[debug] [2021-03-13T05:45:45.425Z] [runtime-status] [28020] triggerDefinition {"httpsTrigger":{},"name":"api","entryPoint":"api"} {"metadata":{"emulator":{"name":"functions"},"function":{"name":"api"},"message":"[runtime-status] [28020] triggerDefinition {\"httpsTrigger\":{},\"name\":\"api\",\"entryPoint\":\"api\"}"}}
[debug] [2021-03-13T05:45:45.425Z] [runtime-status] [28020] Running api in mode HTTPS {"metadata":{"emulator":{"name":"functions"},"function":{"name":"api"},"message":"[runtime-status] [28020] Running api in mode HTTPS"}}
[debug] [2021-03-13T05:45:45.434Z] [runtime-status] [28020] Attempting to listen to socketPath: \\?\pipe\C:\Users\User\Desktop\sy project\sy-project\functions\28020 {"metadata":{"emulator":{"name":"functions"},"function":{"name":"api"},"message":"[runtime-status] [28020] Attempting to listen to socketPath: \\\\?\\pipe\\C:\\Users\\User\\Desktop\\sy project\\sy-project\\functions\\28020"}}
[debug] [2021-03-13T05:45:45.440Z] [functions] Runtime ready! Sending request! {"metadata":{"emulator":{"name":"functions"},"message":"[functions] Runtime ready! Sending request!"}}
[debug] [2021-03-13T05:45:45.441Z] [functions] Got req.url=/solankijewellers-5472e/us-central1/api, mapping to path=/ {"metadata":{"emulator":{"name":"functions"},"message":"[functions] Got req.url=/solankijewellers-5472e/us-central1/api, mapping to path=/"}}
[debug] [2021-03-13T05:45:45.477Z] [runtime-status] [28020] Ephemeral server handling GET request {"metadata":{"emulator":{"name":"functions"},"function":{"name":"api"},"message":"[runtime-status] [28020] Ephemeral server handling GET request"}}
[debug] [2021-03-13T05:45:45.488Z] [runtime-status] [28020] Ephemeral server survived. {"metadata":{"emulator":{"name":"functions"},"function":{"name":"api"},"message":"[runtime-status] [28020] Ephemeral server survived."}}
[info] i  functions: Finished "api" in ~1s {"metadata":{"emulator":{"name":"functions"},"function":{"name":"api"},"message":"Finished \"api\" in ~1s"}}
[debug] [2021-03-13T05:45:45.495Z] [worker-api-949bcaf4-402d-4c44-a48a-2c04d8844467]: IDLE {"metadata":{"emulator":{"name":"functions"},"message":"[worker-api-949bcaf4-402d-4c44-a48a-2c04d8844467]: IDLE"}}
[debug] [2021-03-13T05:45:45.498Z] [work-queue] {"queueLength":0,"workRunningCount":0}
[debug] [2021-03-13T05:45:45.764Z] Functions emulator received unknown request at path /favicon.ico
[debug] [2021-03-13T05:45:55.960Z] [work-queue] {"queueLength":1,"workRunningCount":0}
[debug] [2021-03-13T05:45:55.960Z] [work-queue] {"queueLength":0,"workRunningCount":1}
[debug] [2021-03-13T05:45:55.960Z] Accepted request POST /solankijewellers-5472e/us-central1/api/payments/create?total=50000 --> api
[debug] [2021-03-13T05:45:55.960Z] [worker-pool] submitWork(triggerId=api) {"metadata":{"emulator":{"name":"functions"},"message":"[worker-pool] submitWork(triggerId=api)"}}
[debug] [2021-03-13T05:45:55.961Z] [worker-api-949bcaf4-402d-4c44-a48a-2c04d8844467]: Assigning socketPath: \\?\pipe\C:\Users\User\Desktop\sy project\sy-project\functions\28020 {"metadata":{"emulator":{"name":"functions"},"message":"[worker-api-949bcaf4-402d-4c44-a48a-2c04d8844467]: Assigning socketPath: \\\\?\\pipe\\C:\\Users\\User\\Desktop\\sy project\\sy-project\\functions\\28020"}}
[debug] [2021-03-13T05:45:55.961Z] [worker-api-949bcaf4-402d-4c44-a48a-2c04d8844467]: BUSY {"metadata":{"emulator":{"name":"functions"},"message":"[worker-api-949bcaf4-402d-4c44-a48a-2c04d8844467]: BUSY"}}
[debug] [2021-03-13T05:45:55.962Z] [runtime-status] [28020] Trigger "api" has been found, beginning invocation! {"metadata":{"emulator":{"name":"functions"},"function":{"name":"api"},"message":"[runtime-status] [28020] Trigger \"api\" has been found, beginning invocation!"}}
[info] i  functions: Beginning execution of "api" {"metadata":{"emulator":{"name":"functions"},"function":{"name":"api"},"message":"Beginning execution of \"api\""}}
[debug] [2021-03-13T05:45:55.966Z] [runtime-status] [28020] triggerDefinition {"httpsTrigger":{},"name":"api","entryPoint":"api"} {"metadata":{"emulator":{"name":"functions"},"function":{"name":"api"},"message":"[runtime-status] [28020] triggerDefinition {\"httpsTrigger\":{},\"name\":\"api\",\"entryPoint\":\"api\"}"}}
[debug] [2021-03-13T05:45:55.966Z] [runtime-status] [28020] Running api in mode HTTPS {"metadata":{"emulator":{"name":"functions"},"function":{"name":"api"},"message":"[runtime-status] [28020] Running api in mode HTTPS"}}
[debug] [2021-03-13T05:45:55.967Z] [runtime-status] [28020] Attempting to listen to socketPath: \\?\pipe\C:\Users\User\Desktop\sy project\sy-project\functions\28020 {"metadata":{"emulator":{"name":"functions"},"function":{"name":"api"},"message":"[runtime-status] [28020] Attempting to listen to socketPath: \\\\?\\pipe\\C:\\Users\\User\\Desktop\\sy project\\sy-project\\functions\\28020"}}
[debug] [2021-03-13T05:45:55.969Z] [functions] Runtime ready! Sending request! {"metadata":{"emulator":{"name":"functions"},"message":"[functions] Runtime ready! Sending request!"}}
[debug] [2021-03-13T05:45:55.970Z] [functions] Got req.url=/solankijewellers-5472e/us-central1/api/payments/create?total=50000, mapping to path=/payments/create?total=50000 {"metadata":{"emulator":{"name":"functions"},"message":"[functions] Got req.url=/solankijewellers-5472e/us-central1/api/payments/create?total=50000, mapping to path=/payments/create?total=50000"}}
[debug] [2021-03-13T05:45:55.976Z] [runtime-status] [28020] Ephemeral server handling POST request {"metadata":{"emulator":{"name":"functions"},"function":{"name":"api"},"message":"[runtime-status] [28020] Ephemeral server handling POST request"}}
[info] >  Payment req received >>> 50000 {"user":"Payment req received >>> 50000","metadata":{"emulator":{"name":"functions"},"function":{"name":"api"},"message":"\u001b[90m> \u001b[39m Payment req received >>> 50000"}}
[debug] [2021-03-13T05:45:56.000Z] [runtime-status] [28020] Ephemeral server survived. {"metadata":{"emulator":{"name":"functions"},"function":{"name":"api"},"message":"[runtime-status] [28020] Ephemeral server survived."}}
[info] >  client secret jo yaha se nikla is { {"user":"client secret jo yaha se nikla is {","metadata":{"emulator":{"name":"functions"},"function":{"name":"api"},"message":"\u001b[90m> \u001b[39m client secret jo yaha se nikla is {"}}
[info] >    clientSecret: 'pi_1IUQISJteJyyBz8sQdBZCXZX_secret_XtK6jXQoA3kdXDkoajlLqZyL9' {"user":"  clientSecret: 'pi_1IUQISJteJyyBz8sQdBZCXZX_secret_XtK6jXQoA3kdXDkoajlLqZyL9'","metadata":{"emulator":{"name":"functions"},"function":{"name":"api"},"message":"\u001b[90m> \u001b[39m   clientSecret: 'pi_1IUQISJteJyyBz8sQdBZCXZX_secret_XtK6jXQoA3kdXDkoajlLqZyL9'"}}
[info] >  } {"user":"}","metadata":{"emulator":{"name":"functions"},"function":{"name":"api"},"message":"\u001b[90m> \u001b[39m }"}}
[info] i  functions: Finished "api" in ~1s {"metadata":{"emulator":{"name":"functions"},"function":{"name":"api"},"message":"Finished \"api\" in ~1s"}}
[debug] [2021-03-13T05:45:57.182Z] [worker-api-949bcaf4-402d-4c44-a48a-2c04d8844467]: IDLE {"metadata":{"emulator":{"name":"functions"},"message":"[worker-api-949bcaf4-402d-4c44-a48a-2c04d8844467]: IDLE"}}
[debug] [2021-03-13T05:45:57.183Z] [work-queue] {"queueLength":0,"workRunningCount":0}
[debug] [2021-03-13T05:46:33.936Z] [work-queue] {"queueLength":1,"workRunningCount":0}
[debug] [2021-03-13T05:46:33.938Z] [work-queue] {"queueLength":0,"workRunningCount":1}
[debug] [2021-03-13T05:46:33.939Z] Accepted request POST /solankijewellers-5472e/us-central1/api/payments/create?total=0 --> api
[debug] [2021-03-13T05:46:33.939Z] [worker-pool] submitWork(triggerId=api) {"metadata":{"emulator":{"name":"functions"},"message":"[worker-pool] submitWork(triggerId=api)"}}
[debug] [2021-03-13T05:46:33.939Z] [worker-api-949bcaf4-402d-4c44-a48a-2c04d8844467]: Assigning socketPath: \\?\pipe\C:\Users\User\Desktop\sy project\sy-project\functions\28020 {"metadata":{"emulator":{"name":"functions"},"message":"[worker-api-949bcaf4-402d-4c44-a48a-2c04d8844467]: Assigning socketPath: \\\\?\\pipe\\C:\\Users\\User\\Desktop\\sy project\\sy-project\\functions\\28020"}}
[debug] [2021-03-13T05:46:33.940Z] [worker-api-949bcaf4-402d-4c44-a48a-2c04d8844467]: BUSY {"metadata":{"emulator":{"name":"functions"},"message":"[worker-api-949bcaf4-402d-4c44-a48a-2c04d8844467]: BUSY"}}
[debug] [2021-03-13T05:46:33.940Z] [runtime-status] [28020] Trigger "api" has been found, beginning invocation! {"metadata":{"emulator":{"name":"functions"},"function":{"name":"api"},"message":"[runtime-status] [28020] Trigger \"api\" has been found, beginning invocation!"}}
[info] i  functions: Beginning execution of "api" {"metadata":{"emulator":{"name":"functions"},"function":{"name":"api"},"message":"Beginning execution of \"api\""}}
[debug] [2021-03-13T05:46:33.942Z] [runtime-status] [28020] triggerDefinition {"httpsTrigger":{},"name":"api","entryPoint":"api"} {"metadata":{"emulator":{"name":"functions"},"function":{"name":"api"},"message":"[runtime-status] [28020] triggerDefinition {\"httpsTrigger\":{},\"name\":\"api\",\"entryPoint\":\"api\"}"}}
[debug] [2021-03-13T05:46:33.943Z] [runtime-status] [28020] Running api in mode HTTPS {"metadata":{"emulator":{"name":"functions"},"function":{"name":"api"},"message":"[runtime-status] [28020] Running api in mode HTTPS"}}
[debug] [2021-03-13T05:46:33.944Z] [runtime-status] [28020] Attempting to listen to socketPath: \\?\pipe\C:\Users\User\Desktop\sy project\sy-project\functions\28020 {"metadata":{"emulator":{"name":"functions"},"function":{"name":"api"},"message":"[runtime-status] [28020] Attempting to listen to socketPath: \\\\?\\pipe\\C:\\Users\\User\\Desktop\\sy project\\sy-project\\functions\\28020"}}
[debug] [2021-03-13T05:46:33.946Z] [functions] Runtime ready! Sending request! {"metadata":{"emulator":{"name":"functions"},"message":"[functions] Runtime ready! Sending request!"}}
[debug] [2021-03-13T05:46:33.946Z] [functions] Got req.url=/solankijewellers-5472e/us-central1/api/payments/create?total=0, mapping to path=/payments/create?total=0 {"metadata":{"emulator":{"name":"functions"},"message":"[functions] Got req.url=/solankijewellers-5472e/us-central1/api/payments/create?total=0, mapping to path=/payments/create?total=0"}}
[debug] [2021-03-13T05:46:33.952Z] [runtime-status] [28020] Ephemeral server handling POST request {"metadata":{"emulator":{"name":"functions"},"function":{"name":"api"},"message":"[runtime-status] [28020] Ephemeral server handling POST request"}}
[info] >  Payment req received >>> 0 {"user":"Payment req received >>> 0","metadata":{"emulator":{"name":"functions"},"function":{"name":"api"},"message":"\u001b[90m> \u001b[39m Payment req received >>> 0"}}
[debug] [2021-03-13T05:46:33.958Z] [runtime-status] [28020] Ephemeral server survived. {"metadata":{"emulator":{"name":"functions"},"function":{"name":"api"},"message":"[runtime-status] [28020] Ephemeral server survived."}}
[info] >  (node:28020) UnhandledPromiseRejectionWarning: Error: This value must be greater than or equal to 1. {"user":"(node:28020) UnhandledPromiseRejectionWarning: Error: This value must be greater than or equal to 1.","metadata":{"emulator":{"name":"functions"},"function":{"name":"api"},"message":"\u001b[90m> \u001b[39m (node:28020) UnhandledPromiseRejectionWarning: Error: This value must be greater than or equal to 1."}}
[info] >      at Function.generate (C:\Users\User\Desktop\sy project\sy-project\functions\node_modules\stripe\lib\Error.js:40:16) {"user":"    at Function.generate (C:\\Users\\User\\Desktop\\sy project\\sy-project\\functions\\node_modules\\stripe\\lib\\Error.js:40:16)","metadata":{"emulator":{"name":"functions"},"function":{"name":"api"},"message":"\u001b[90m> \u001b[39m     at Function.generate (C:\\Users\\User\\Desktop\\sy project\\sy-project\\functions\\node_modules\\stripe\\lib\\Error.js:40:16)"}}
[info] >      at IncomingMessage.<anonymous> (C:\Users\User\Desktop\sy project\sy-project\functions\node_modules\stripe\lib\StripeResource.js:180:33) {"user":"    at IncomingMessage.<anonymous> (C:\\Users\\User\\Desktop\\sy project\\sy-project\\functions\\node_modules\\stripe\\lib\\StripeResource.js:180:33)","metadata":{"emulator":{"name":"functions"},"function":{"name":"api"},"message":"\u001b[90m> \u001b[39m     at IncomingMessage.<anonymous> (C:\\Users\\User\\Desktop\\sy project\\sy-project\\functions\\node_modules\\stripe\\lib\\StripeResource.js:180:33)"}}
[info] >      at Object.onceWrapper (events.js:421:28) {"user":"    at Object.onceWrapper (events.js:421:28)","metadata":{"emulator":{"name":"functions"},"function":{"name":"api"},"message":"\u001b[90m> \u001b[39m     at Object.onceWrapper (events.js:421:28)"}}
[info] >      at IncomingMessage.emit (events.js:327:22) {"user":"    at IncomingMessage.emit (events.js:327:22)","metadata":{"emulator":{"name":"functions"},"function":{"name":"api"},"message":"\u001b[90m> \u001b[39m     at IncomingMessage.emit (events.js:327:22)"}}
[info] >      at endReadableNT (internal/streams/readable.js:1327:12) {"user":"    at endReadableNT (internal/streams/readable.js:1327:12)","metadata":{"emulator":{"name":"functions"},"function":{"name":"api"},"message":"\u001b[90m> \u001b[39m     at endReadableNT (internal/streams/readable.js:1327:12)"}}
[info] >      at processTicksAndRejections (internal/process/task_queues.js:80:21) {"user":"    at processTicksAndRejections (internal/process/task_queues.js:80:21)","metadata":{"emulator":{"name":"functions"},"function":{"name":"api"},"message":"\u001b[90m> \u001b[39m     at processTicksAndRejections (internal/process/task_queues.js:80:21)"}}
[info] >  (Use `node --trace-warnings ...` to show where the warning was created) {"user":"(Use `node --trace-warnings ...` to show where the warning was created)","metadata":{"emulator":{"name":"functions"},"function":{"name":"api"},"message":"\u001b[90m> \u001b[39m (Use `node --trace-warnings ...` to show where the warning was created)"}}
[info] >  (node:28020) UnhandledPromiseRejectionWarning: Unhandled promise rejection. This error originated either by throwing inside of an async function without a catch block, or by rejecting a promise which was not handled with .catch(). To terminate the node process on unhandled promise rejection, use the CLI flag `--unhandled-rejections=strict` (see https://nodejs.org/api/cli.html#cli_unhandled_rejections_mode). (rejection id: 1) {"user":"(node:28020) UnhandledPromiseRejectionWarning: Unhandled promise rejection. This error originated either by throwing inside of an async function without a catch block, or by rejecting a promise which was not handled with .catch(). To terminate the node process on unhandled promise rejection, use the CLI flag `--unhandled-rejections=strict` (see https://nodejs.org/api/cli.html#cli_unhandled_rejections_mode). (rejection id: 1)","metadata":{"emulator":{"name":"functions"},"function":{"name":"api"},"message":"\u001b[90m> \u001b[39m (node:28020) UnhandledPromiseRejectionWarning: Unhandled promise rejection. This error originated either by throwing inside of an async function without a catch block, or by rejecting a promise which was not handled with .catch(). To terminate the node process on unhandled promise rejection, use the CLI flag `--unhandled-rejections=strict` (see https://nodejs.org/api/cli.html#cli_unhandled_rejections_mode). (rejection id: 1)"}}
[info] >  (node:28020) [DEP0018] DeprecationWarning: Unhandled promise rejections are deprecated. In the future, promise rejections that are not handled will terminate the Node.js process with a non-zero exit code. {"user":"(node:28020) [DEP0018] DeprecationWarning: Unhandled promise rejections are deprecated. In the future, promise rejections that are not handled will terminate the Node.js process with a non-zero exit code.","metadata":{"emulator":{"name":"functions"},"function":{"name":"api"},"message":"\u001b[90m> \u001b[39m (node:28020) [DEP0018] DeprecationWarning: Unhandled promise rejections are deprecated. In the future, promise rejections that are not handled will terminate the Node.js process with a non-zero exit code."}}
[warn] !  functions: Your function timed out after ~60s. To configure this timeout, see
      https://firebase.google.com/docs/functions/manage-functions#set_timeout_and_memory_allocation. {"metadata":{"emulator":{"name":"functions"},"function":{"name":"api"},"message":"Your function timed out after ~60s. To configure this timeout, see\n      https://firebase.google.com/docs/functions/manage-functions#set_timeout_and_memory_allocation."}}
[info] >  C:\Users\User\AppData\Roaming\npm\node_modules\firebase-tools\lib\emulator\functionsEmulatorRuntime.js:642 {"user":"C:\\Users\\User\\AppData\\Roaming\\npm\\node_modules\\firebase-tools\\lib\\emulator\\functionsEmulatorRuntime.js:642\r","metadata":{"emulator":{"name":"functions"},"function":{"name":"api"},"message":"\u001b[90m> \u001b[39m C:\\Users\\User\\AppData\\Roaming\\npm\\node_modules\\firebase-tools\\lib\\emulator\\functionsEmulatorRuntime.js:642\r"}}
[info] >              throw new Error("Function timed out."); {"user":"            throw new Error(\"Function timed out.\");\r","metadata":{"emulator":{"name":"functions"},"function":{"name":"api"},"message":"\u001b[90m> \u001b[39m             throw new Error(\"Function timed out.\");\r"}}
[info] >              ^ {"user":"            ^\r","metadata":{"emulator":{"name":"functions"},"function":{"name":"api"},"message":"\u001b[90m> \u001b[39m             ^\r"}}
[info] >   {"user":"\r","metadata":{"emulator":{"name":"functions"},"function":{"name":"api"},"message":"\u001b[90m> \u001b[39m \r"}}
[info] >  Error: Function timed out. {"user":"Error: Function timed out.\r","metadata":{"emulator":{"name":"functions"},"function":{"name":"api"},"message":"\u001b[90m> \u001b[39m Error: Function timed out.\r"}}
[info] >      at Timeout._onTimeout (C:\Users\User\AppData\Roaming\npm\node_modules\firebase-tools\lib\emulator\functionsEmulatorRuntime.js:642:19) {"user":"    at Timeout._onTimeout (C:\\Users\\User\\AppData\\Roaming\\npm\\node_modules\\firebase-tools\\lib\\emulator\\functionsEmulatorRuntime.js:642:19)\r","metadata":{"emulator":{"name":"functions"},"function":{"name":"api"},"message":"\u001b[90m> \u001b[39m     at Timeout._onTimeout (C:\\Users\\User\\AppData\\Roaming\\npm\\node_modules\\firebase-tools\\lib\\emulator\\functionsEmulatorRuntime.js:642:19)\r"}}
[info] >      at listOnTimeout (internal/timers.js:554:17) {"user":"    at listOnTimeout (internal/timers.js:554:17)\r","metadata":{"emulator":{"name":"functions"},"function":{"name":"api"},"message":"\u001b[90m> \u001b[39m     at listOnTimeout (internal/timers.js:554:17)\r"}}
[info] >      at processTimers (internal/timers.js:497:7) {"user":"    at processTimers (internal/timers.js:497:7)\r","metadata":{"emulator":{"name":"functions"},"function":{"name":"api"},"message":"\u001b[90m> \u001b[39m     at processTimers (internal/timers.js:497:7)\r"}}
[debug] [2021-03-13T05:47:33.997Z] [worker-api-949bcaf4-402d-4c44-a48a-2c04d8844467]: exited {"metadata":{"emulator":{"name":"functions"},"message":"[worker-api-949bcaf4-402d-4c44-a48a-2c04d8844467]: exited"}}
[debug] [2021-03-13T05:47:33.997Z] [worker-api-949bcaf4-402d-4c44-a48a-2c04d8844467]: FINISHED {"metadata":{"emulator":{"name":"functions"},"message":"[worker-api-949bcaf4-402d-4c44-a48a-2c04d8844467]: FINISHED"}}
[debug] [2021-03-13T05:47:33.998Z] [work-queue] {"queueLength":0,"workRunningCount":0}
[debug] [2021-03-13T06:21:53.075Z] Received signal SIGHUP 1
